<?xml version="1.0" encoding="UTF-8"?>
<!-- Generated by org.testng.reporters.JUnitXMLReporter -->
<testsuite ignored="0" hostname="Julius" failures="6" tests="27" name="Surefire test" time="425.087" errors="0" timestamp="2025-09-23T14:50:42 GMT">
  <testcase classname="com.ansut.ActifsTest" name="testCreateActifs" time="13.604"/>
  <testcase classname="com.ansut.ActifsTest" name="testSearchActifs" time="2.294"/>
  <testcase classname="com.ansut.ActifsTest" name="testModifyActifs" time="3.892"/>
  <testcase classname="com.ansut.ActifsTest" name="testDeleteActifs" time="5.481"/>
  <testcase classname="com.ansut.ClotureTest" name="testCreateCloture" time="2.828"/>
  <testcase classname="com.ansut.ClotureTest" name="testSearchCloture" time="0.72"/>
  <testcase classname="com.ansut.ClotureTest" name="testModifyCloture" time="1.294"/>
  <testcase classname="com.ansut.ClotureTest" name="testDeleteCloture" time="1.479"/>
  <testcase classname="com.ansut.DiagnosticTest" name="testCreateDiagnostic" time="3.588"/>
  <testcase classname="com.ansut.DiagnosticTest" name="testSearchDiagnostic" time="1.043"/>
  <testcase classname="com.ansut.DiagnosticTest" name="testModifyDiagnostic" time="2.201"/>
  <testcase classname="com.ansut.DiagnosticTest" name="testDeleteDiagnostic" time="3.799"/>
  <testcase classname="com.ansut.LoginAnsutTest" name="testLoginSuccess" time="9.367">
    <failure type="java.lang.AssertionError" message="Test de connexion échoué : Cannot invoke &amp;quot;org.openqa.selenium.WebDriver.getCurrentUrl()&amp;quot; because &amp;quot;this.driver&amp;quot; is null">
      <![CDATA[java.lang.AssertionError: Test de connexion échoué : Cannot invoke "org.openqa.selenium.WebDriver.getCurrentUrl()" because "this.driver" is null
at com.ansut.LoginAnsutTest.testLoginSuccess(LoginAnsutTest.java:85)
at java.base/java.util.ArrayList.forEach(ArrayList.java:1511)
... Removed 33 stack frames]]>
    </failure>
  </testcase> <!-- testLoginSuccess -->
  <testcase classname="com.ansut.MethodsTest" name="testCreateMethod" time="62.82">
    <failure type="java.lang.AssertionError" message="Test de création échoué : Expected condition failed: waiting for element to be clickable: By.className: swal2-confirm (tried for 60 second(s) with 500 milliseconds interval)
Build info: version: &amp;apos;4.27.0&amp;apos;, revision: &amp;apos;d6e718d134&amp;apos;
System info: os.name: &amp;apos;Windows 11&amp;apos;, os.arch: &amp;apos;amd64&amp;apos;, os.version: &amp;apos;10.0&amp;apos;, java.version: &amp;apos;17.0.12&amp;apos;
Driver info: org.openqa.selenium.chrome.ChromeDriver
Capabilities {acceptInsecureCerts: false, browserName: chrome, browserVersion: 140.0.7339.128, chrome: {chromedriverVersion: 140.0.7339.185 (eeea00e459e..., userDataDir: C:\Users\HP\AppData\Local\T...}, fedcm:accounts: true, goog:chromeOptions: {debuggerAddress: localhost:58083}, networkConnectionEnabled: false, pageLoadStrategy: normal, platformName: windows, proxy: Proxy(), se:cdp: ws://localhost:58083/devtoo..., se:cdpVersion: 140.0.7339.128, setWindowRect: true, strictFileInteractability: false, timeouts: {implicit: 0, pageLoad: 300000, script: 30000}, unhandledPromptBehavior: dismiss and notify, webauthn:extension:credBlob: true, webauthn:extension:largeBlob: true, webauthn:extension:minPinLength: true, webauthn:extension:prf: true, webauthn:virtualAuthenticators: true}
Session ID: 4ce8c1740ad23b40f26f9f8ef308acd7">
      <![CDATA[java.lang.AssertionError: Test de création échoué : Expected condition failed: waiting for element to be clickable: By.className: swal2-confirm (tried for 60 second(s) with 500 milliseconds interval)
Build info: version: '4.27.0', revision: 'd6e718d134'
System info: os.name: 'Windows 11', os.arch: 'amd64', os.version: '10.0', java.version: '17.0.12'
Driver info: org.openqa.selenium.chrome.ChromeDriver
Capabilities {acceptInsecureCerts: false, browserName: chrome, browserVersion: 140.0.7339.128, chrome: {chromedriverVersion: 140.0.7339.185 (eeea00e459e..., userDataDir: C:\Users\HP\AppData\Local\T...}, fedcm:accounts: true, goog:chromeOptions: {debuggerAddress: localhost:58083}, networkConnectionEnabled: false, pageLoadStrategy: normal, platformName: windows, proxy: Proxy(), se:cdp: ws://localhost:58083/devtoo..., se:cdpVersion: 140.0.7339.128, setWindowRect: true, strictFileInteractability: false, timeouts: {implicit: 0, pageLoad: 300000, script: 30000}, unhandledPromptBehavior: dismiss and notify, webauthn:extension:credBlob: true, webauthn:extension:largeBlob: true, webauthn:extension:minPinLength: true, webauthn:extension:prf: true, webauthn:virtualAuthenticators: true}
Session ID: 4ce8c1740ad23b40f26f9f8ef308acd7
at com.ansut.MethodsTest.testCreateMethod(MethodsTest.java:82)
at java.base/java.util.ArrayList.forEach(ArrayList.java:1511)
... Removed 33 stack frames]]>
    </failure>
  </testcase> <!-- testCreateMethod -->
  <testcase classname="com.ansut.MethodsTest" name="testSearchMethod" time="0.64"/>
  <testcase classname="com.ansut.MethodsTest" name="testModifyMethod" time="36.248"/>
  <testcase classname="com.ansut.MethodsTest" name="testDeleteMethod" time="23.472"/>
  <testcase classname="com.ansut.OperateurTest" name="testCreateOperateur" time="2.8"/>
  <testcase classname="com.ansut.OperateurTest" name="testSearchOperateur" time="0.916"/>
  <testcase classname="com.ansut.OperateurTest" name="testModifyOperateur" time="1.462"/>
  <testcase classname="com.ansut.OperateurTest" name="testDeleteOperateur" time="1.954">
    <failure type="java.lang.AssertionError" message="Test de suppression échoué : stale element reference: stale element not found in the current frame
  (Session info: chrome=140.0.7339.128)
For documentation on this error, please visit: https://www.selenium.dev/documentation/webdriver/troubleshooting/errors#stale-element-reference-exception
Build info: version: &amp;apos;4.27.0&amp;apos;, revision: &amp;apos;d6e718d134&amp;apos;
System info: os.name: &amp;apos;Windows 11&amp;apos;, os.arch: &amp;apos;amd64&amp;apos;, os.version: &amp;apos;10.0&amp;apos;, java.version: &amp;apos;17.0.12&amp;apos;
Driver info: org.openqa.selenium.chrome.ChromeDriver
Command: [fe189837a675f2074df7bd4c4f241380, clickElement {id=f.AC46FDD48F5AB2A894599F0362E4A658.d.7E196B7C8F304C13A25DB3EA15734CF1.e.92}]
Capabilities {acceptInsecureCerts: false, browserName: chrome, browserVersion: 140.0.7339.128, chrome: {chromedriverVersion: 140.0.7339.185 (eeea00e459e..., userDataDir: C:\Users\HP\AppData\Local\T...}, fedcm:accounts: true, goog:chromeOptions: {debuggerAddress: localhost:60231}, networkConnectionEnabled: false, pageLoadStrategy: normal, platformName: windows, proxy: Proxy(), se:cdp: ws://localhost:60231/devtoo..., se:cdpVersion: 140.0.7339.128, setWindowRect: true, strictFileInteractability: false, timeouts: {implicit: 0, pageLoad: 300000, script: 30000}, unhandledPromptBehavior: dismiss and notify, webauthn:extension:credBlob: true, webauthn:extension:largeBlob: true, webauthn:extension:minPinLength: true, webauthn:extension:prf: true, webauthn:virtualAuthenticators: true}
Element: [[ChromeDriver: chrome on windows (fe189837a675f2074df7bd4c4f241380)] -&amp;gt; class name: swal2-confirm]
Session ID: fe189837a675f2074df7bd4c4f241380">
      <![CDATA[java.lang.AssertionError: Test de suppression échoué : stale element reference: stale element not found in the current frame
  (Session info: chrome=140.0.7339.128)
For documentation on this error, please visit: https://www.selenium.dev/documentation/webdriver/troubleshooting/errors#stale-element-reference-exception
Build info: version: '4.27.0', revision: 'd6e718d134'
System info: os.name: 'Windows 11', os.arch: 'amd64', os.version: '10.0', java.version: '17.0.12'
Driver info: org.openqa.selenium.chrome.ChromeDriver
Command: [fe189837a675f2074df7bd4c4f241380, clickElement {id=f.AC46FDD48F5AB2A894599F0362E4A658.d.7E196B7C8F304C13A25DB3EA15734CF1.e.92}]
Capabilities {acceptInsecureCerts: false, browserName: chrome, browserVersion: 140.0.7339.128, chrome: {chromedriverVersion: 140.0.7339.185 (eeea00e459e..., userDataDir: C:\Users\HP\AppData\Local\T...}, fedcm:accounts: true, goog:chromeOptions: {debuggerAddress: localhost:60231}, networkConnectionEnabled: false, pageLoadStrategy: normal, platformName: windows, proxy: Proxy(), se:cdp: ws://localhost:60231/devtoo..., se:cdpVersion: 140.0.7339.128, setWindowRect: true, strictFileInteractability: false, timeouts: {implicit: 0, pageLoad: 300000, script: 30000}, unhandledPromptBehavior: dismiss and notify, webauthn:extension:credBlob: true, webauthn:extension:largeBlob: true, webauthn:extension:minPinLength: true, webauthn:extension:prf: true, webauthn:virtualAuthenticators: true}
Element: [[ChromeDriver: chrome on windows (fe189837a675f2074df7bd4c4f241380)] -> class name: swal2-confirm]
Session ID: fe189837a675f2074df7bd4c4f241380
at com.ansut.OperateurTest.testDeleteOperateur(OperateurTest.java:182)
at java.base/java.util.ArrayList.forEach(ArrayList.java:1511)
... Removed 33 stack frames]]>
    </failure>
  </testcase> <!-- testDeleteOperateur -->
  <testcase classname="com.ansut.SectionTest" name="testCreateSection" time="3.552"/>
  <testcase classname="com.ansut.SectionTest" name="testSearchSection" time="1.313"/>
  <testcase classname="com.ansut.SectionTest" name="testModifySection" time="1.6"/>
  <testcase classname="com.ansut.SectionTest" name="testDeleteSection" time="1.085">
    <failure type="java.lang.AssertionError" message="Test de suppression échoué : stale element reference: stale element not found in the current frame
  (Session info: chrome=140.0.7339.128)
For documentation on this error, please visit: https://www.selenium.dev/documentation/webdriver/troubleshooting/errors#stale-element-reference-exception
Build info: version: &amp;apos;4.27.0&amp;apos;, revision: &amp;apos;d6e718d134&amp;apos;
System info: os.name: &amp;apos;Windows 11&amp;apos;, os.arch: &amp;apos;amd64&amp;apos;, os.version: &amp;apos;10.0&amp;apos;, java.version: &amp;apos;17.0.12&amp;apos;
Driver info: org.openqa.selenium.chrome.ChromeDriver
Command: [2058775015addd7b3ea9e1d0d5ace3b0, clickElement {id=f.55BF52A2CD3F2A18B664D9BE7C0B480B.d.BEF58C0EFF9364F6EA6E4DC20229CD60.e.89}]
Capabilities {acceptInsecureCerts: false, browserName: chrome, browserVersion: 140.0.7339.128, chrome: {chromedriverVersion: 140.0.7339.185 (eeea00e459e..., userDataDir: C:\Users\HP\AppData\Local\T...}, fedcm:accounts: true, goog:chromeOptions: {debuggerAddress: localhost:57087}, networkConnectionEnabled: false, pageLoadStrategy: normal, platformName: windows, proxy: Proxy(), se:cdp: ws://localhost:57087/devtoo..., se:cdpVersion: 140.0.7339.128, setWindowRect: true, strictFileInteractability: false, timeouts: {implicit: 0, pageLoad: 300000, script: 30000}, unhandledPromptBehavior: dismiss and notify, webauthn:extension:credBlob: true, webauthn:extension:largeBlob: true, webauthn:extension:minPinLength: true, webauthn:extension:prf: true, webauthn:virtualAuthenticators: true}
Element: [[ChromeDriver: chrome on windows (2058775015addd7b3ea9e1d0d5ace3b0)] -&amp;gt; class name: swal2-confirm]
Session ID: 2058775015addd7b3ea9e1d0d5ace3b0">
      <![CDATA[java.lang.AssertionError: Test de suppression échoué : stale element reference: stale element not found in the current frame
  (Session info: chrome=140.0.7339.128)
For documentation on this error, please visit: https://www.selenium.dev/documentation/webdriver/troubleshooting/errors#stale-element-reference-exception
Build info: version: '4.27.0', revision: 'd6e718d134'
System info: os.name: 'Windows 11', os.arch: 'amd64', os.version: '10.0', java.version: '17.0.12'
Driver info: org.openqa.selenium.chrome.ChromeDriver
Command: [2058775015addd7b3ea9e1d0d5ace3b0, clickElement {id=f.55BF52A2CD3F2A18B664D9BE7C0B480B.d.BEF58C0EFF9364F6EA6E4DC20229CD60.e.89}]
Capabilities {acceptInsecureCerts: false, browserName: chrome, browserVersion: 140.0.7339.128, chrome: {chromedriverVersion: 140.0.7339.185 (eeea00e459e..., userDataDir: C:\Users\HP\AppData\Local\T...}, fedcm:accounts: true, goog:chromeOptions: {debuggerAddress: localhost:57087}, networkConnectionEnabled: false, pageLoadStrategy: normal, platformName: windows, proxy: Proxy(), se:cdp: ws://localhost:57087/devtoo..., se:cdpVersion: 140.0.7339.128, setWindowRect: true, strictFileInteractability: false, timeouts: {implicit: 0, pageLoad: 300000, script: 30000}, unhandledPromptBehavior: dismiss and notify, webauthn:extension:credBlob: true, webauthn:extension:largeBlob: true, webauthn:extension:minPinLength: true, webauthn:extension:prf: true, webauthn:virtualAuthenticators: true}
Element: [[ChromeDriver: chrome on windows (2058775015addd7b3ea9e1d0d5ace3b0)] -> class name: swal2-confirm]
Session ID: 2058775015addd7b3ea9e1d0d5ace3b0
at com.ansut.SectionTest.testDeleteSection(SectionTest.java:182)
at java.base/java.util.ArrayList.forEach(ArrayList.java:1511)
... Removed 33 stack frames]]>
    </failure>
  </testcase> <!-- testDeleteSection -->
  <testcase classname="com.ansut.TravauxTest" name="testCreateTravaux" time="8.509">
    <failure type="java.lang.AssertionError" message="Test de création échoué : invalid selector: An invalid or illegal selector was specified
  (Session info: chrome=140.0.7339.128)
For documentation on this error, please visit: https://www.selenium.dev/documentation/webdriver/troubleshooting/errors#invalid-selector-exception
Build info: version: &amp;apos;4.27.0&amp;apos;, revision: &amp;apos;d6e718d134&amp;apos;
System info: os.name: &amp;apos;Windows 11&amp;apos;, os.arch: &amp;apos;amd64&amp;apos;, os.version: &amp;apos;10.0&amp;apos;, java.version: &amp;apos;17.0.12&amp;apos;
Driver info: org.openqa.selenium.chrome.ChromeDriver
Command: [516a51052a83161065a8d51bb5b81d00, findElement {value=/html/body/app-root/div/app-main-layout/div/div[2]/app-travaux-programmes/div/app-form-travaux-programmes/div/div/div[2]/div/form/div[1]/div/div/div[2]/div/div[1]/div[1]/p-calendar/span/div/div[1]/div/div[2]/table/tbody/tr[4]/td[7]/span, using=css selector}]
Capabilities {acceptInsecureCerts: false, browserName: chrome, browserVersion: 140.0.7339.128, chrome: {chromedriverVersion: 140.0.7339.185 (eeea00e459e..., userDataDir: C:\Users\HP\AppData\Local\T...}, fedcm:accounts: true, goog:chromeOptions: {debuggerAddress: localhost:55534}, networkConnectionEnabled: false, pageLoadStrategy: normal, platformName: windows, proxy: Proxy(), se:cdp: ws://localhost:55534/devtoo..., se:cdpVersion: 140.0.7339.128, setWindowRect: true, strictFileInteractability: false, timeouts: {implicit: 0, pageLoad: 300000, script: 30000}, unhandledPromptBehavior: dismiss and notify, webauthn:extension:credBlob: true, webauthn:extension:largeBlob: true, webauthn:extension:minPinLength: true, webauthn:extension:prf: true, webauthn:virtualAuthenticators: true}
Session ID: 516a51052a83161065a8d51bb5b81d00">
      <![CDATA[java.lang.AssertionError: Test de création échoué : invalid selector: An invalid or illegal selector was specified
  (Session info: chrome=140.0.7339.128)
For documentation on this error, please visit: https://www.selenium.dev/documentation/webdriver/troubleshooting/errors#invalid-selector-exception
Build info: version: '4.27.0', revision: 'd6e718d134'
System info: os.name: 'Windows 11', os.arch: 'amd64', os.version: '10.0', java.version: '17.0.12'
Driver info: org.openqa.selenium.chrome.ChromeDriver
Command: [516a51052a83161065a8d51bb5b81d00, findElement {value=/html/body/app-root/div/app-main-layout/div/div[2]/app-travaux-programmes/div/app-form-travaux-programmes/div/div/div[2]/div/form/div[1]/div/div/div[2]/div/div[1]/div[1]/p-calendar/span/div/div[1]/div/div[2]/table/tbody/tr[4]/td[7]/span, using=css selector}]
Capabilities {acceptInsecureCerts: false, browserName: chrome, browserVersion: 140.0.7339.128, chrome: {chromedriverVersion: 140.0.7339.185 (eeea00e459e..., userDataDir: C:\Users\HP\AppData\Local\T...}, fedcm:accounts: true, goog:chromeOptions: {debuggerAddress: localhost:55534}, networkConnectionEnabled: false, pageLoadStrategy: normal, platformName: windows, proxy: Proxy(), se:cdp: ws://localhost:55534/devtoo..., se:cdpVersion: 140.0.7339.128, setWindowRect: true, strictFileInteractability: false, timeouts: {implicit: 0, pageLoad: 300000, script: 30000}, unhandledPromptBehavior: dismiss and notify, webauthn:extension:credBlob: true, webauthn:extension:largeBlob: true, webauthn:extension:minPinLength: true, webauthn:extension:prf: true, webauthn:virtualAuthenticators: true}
Session ID: 516a51052a83161065a8d51bb5b81d00
at com.ansut.TravauxTest.testCreateTravaux(TravauxTest.java:111)
at java.base/java.util.ArrayList.forEach(ArrayList.java:1511)
... Removed 33 stack frames]]>
    </failure>
  </testcase> <!-- testCreateTravaux -->
  <testcase classname="com.ansut.TravauxTest" name="testSearchTravaux" time="60.129">
    <failure type="java.lang.AssertionError" message="Test de recherche échoué : Expected condition failed: waiting for element to be clickable: By.className: fa-filter (tried for 60 second(s) with 500 milliseconds interval)
Build info: version: &amp;apos;4.27.0&amp;apos;, revision: &amp;apos;d6e718d134&amp;apos;
System info: os.name: &amp;apos;Windows 11&amp;apos;, os.arch: &amp;apos;amd64&amp;apos;, os.version: &amp;apos;10.0&amp;apos;, java.version: &amp;apos;17.0.12&amp;apos;
Driver info: org.openqa.selenium.chrome.ChromeDriver
Capabilities {acceptInsecureCerts: false, browserName: chrome, browserVersion: 140.0.7339.128, chrome: {chromedriverVersion: 140.0.7339.185 (eeea00e459e..., userDataDir: C:\Users\HP\AppData\Local\T...}, fedcm:accounts: true, goog:chromeOptions: {debuggerAddress: localhost:55534}, networkConnectionEnabled: false, pageLoadStrategy: normal, platformName: windows, proxy: Proxy(), se:cdp: ws://localhost:55534/devtoo..., se:cdpVersion: 140.0.7339.128, setWindowRect: true, strictFileInteractability: false, timeouts: {implicit: 0, pageLoad: 300000, script: 30000}, unhandledPromptBehavior: dismiss and notify, webauthn:extension:credBlob: true, webauthn:extension:largeBlob: true, webauthn:extension:minPinLength: true, webauthn:extension:prf: true, webauthn:virtualAuthenticators: true}
Session ID: 516a51052a83161065a8d51bb5b81d00">
      <![CDATA[java.lang.AssertionError: Test de recherche échoué : Expected condition failed: waiting for element to be clickable: By.className: fa-filter (tried for 60 second(s) with 500 milliseconds interval)
Build info: version: '4.27.0', revision: 'd6e718d134'
System info: os.name: 'Windows 11', os.arch: 'amd64', os.version: '10.0', java.version: '17.0.12'
Driver info: org.openqa.selenium.chrome.ChromeDriver
Capabilities {acceptInsecureCerts: false, browserName: chrome, browserVersion: 140.0.7339.128, chrome: {chromedriverVersion: 140.0.7339.185 (eeea00e459e..., userDataDir: C:\Users\HP\AppData\Local\T...}, fedcm:accounts: true, goog:chromeOptions: {debuggerAddress: localhost:55534}, networkConnectionEnabled: false, pageLoadStrategy: normal, platformName: windows, proxy: Proxy(), se:cdp: ws://localhost:55534/devtoo..., se:cdpVersion: 140.0.7339.128, setWindowRect: true, strictFileInteractability: false, timeouts: {implicit: 0, pageLoad: 300000, script: 30000}, unhandledPromptBehavior: dismiss and notify, webauthn:extension:credBlob: true, webauthn:extension:largeBlob: true, webauthn:extension:minPinLength: true, webauthn:extension:prf: true, webauthn:virtualAuthenticators: true}
Session ID: 516a51052a83161065a8d51bb5b81d00
at com.ansut.TravauxTest.testSearchTravaux(TravauxTest.java:135)
at java.base/java.util.ArrayList.forEach(ArrayList.java:1511)
... Removed 33 stack frames]]>
    </failure>
  </testcase> <!-- testSearchTravaux -->
</testsuite> <!-- Surefire test -->
